2024/05/26 14:39:24 Error check text file
2024/05/26 14:39:24 EOF
2024/05/26 14:39:24 Error check text file
2024/05/26 14:39:24 EOF
2024/05/26 14:39:28 Error check text file
2024/05/26 14:39:28 EOF
2024/05/26 14:39:28 Error check text file
2024/05/26 14:39:28 EOF
2024/05/26 14:39:29 Error check text file
2024/05/26 14:39:29 EOF
2024/05/26 14:39:30 Error check text file
2024/05/26 14:39:30 EOF
2024/05/26 14:39:39 Error check text file
2024/05/26 14:39:39 EOF
2024/05/26 14:39:40 Error check text file
2024/05/26 14:39:40 EOF
2024/05/26 14:39:42 Error check text file
2024/05/26 14:39:42 EOF
2024/05/26 14:39:42 Error check text file
2024/05/26 14:39:42 EOF
2024/05/26 14:39:42 Error check text file
2024/05/26 14:39:42 EOF
2024/05/26 14:39:43 Error check text file
2024/05/26 14:39:43 EOF
2024/05/26 14:39:43 Error check text file
2024/05/26 14:39:43 EOF
2024/05/26 14:39:51 Error check text file
2024/05/26 14:39:51 EOF
2024/05/26 14:39:51 Error check text file
2024/05/26 14:39:51 EOF
2024/05/26 14:39:51 Error check text file
2024/05/26 14:39:51 EOF
2024/05/26 14:39:51 Error check text file
2024/05/26 14:39:51 EOF
2024/05/26 14:39:52 Error check text file
2024/05/26 14:39:52 EOF
2024/05/26 14:39:52 Error check text file
2024/05/26 14:39:52 EOF
2024/05/26 14:39:55 Error check text file
2024/05/26 14:39:55 EOF
2024/05/26 14:39:55 Error check text file
2024/05/26 14:39:55 EOF
2024/05/26 14:39:56 Error check text file
2024/05/26 14:39:56 EOF
2024/05/26 14:39:56 Error check text file
2024/05/26 14:39:56 EOF
2024/05/26 14:40:43 Error check text file
2024/05/26 14:40:43 EOF
2024/05/26 14:40:43 Error check text file
2024/05/26 14:40:43 EOF
2024/05/26 14:42:10 Error extract file,
2024/05/26 14:42:10 unknown archive file type: /Users/albin/Downloads/BankID_MasterBrand/BankID_logo_black.png
2024/05/26 14:42:58 Error check text file
2024/05/26 14:42:58 EOF
2024/05/26 14:42:59 Error check text file
2024/05/26 14:42:59 EOF
2024/05/26 14:43:00 Error check text file
2024/05/26 14:43:00 EOF
2024/05/26 14:43:00 Error check text file
2024/05/26 14:43:00 EOF
2024/05/26 14:48:03 err when open file with open
2024/05/26 14:48:03 exit status 1
2024/05/26 14:48:04 err when open file with open
2024/05/26 14:48:04 exit status 1
2024/05/26 14:48:05 err when open file with open
2024/05/26 14:48:05 exit status 1
2024/05/26 14:48:06 err when open file with open
2024/05/26 14:48:06 exit status 1
2024/05/27 09:03:18 Error check text file
2024/05/27 09:03:18 EOF
2024/05/27 09:03:18 Error check text file
2024/05/27 09:03:18 EOF
2024/05/27 09:04:52 Error check text file
2024/05/27 09:04:52 EOF
2024/05/27 09:04:53 Error check text file
2024/05/27 09:04:53 EOF
2024/05/27 09:04:57 Error check text file
2024/05/27 09:04:57 EOF
2024/05/27 09:04:57 Error check text file
2024/05/27 09:04:57 EOF
2024/05/27 09:05:22 Error check text file
2024/05/27 09:05:22 EOF
2024/05/27 09:05:22 Error check text file
2024/05/27 09:05:22 EOF
2024/05/27 09:05:27 Error check text file
2024/05/27 09:05:27 EOF
2024/05/27 09:05:27 Error check text file
2024/05/27 09:05:27 EOF
2024/05/27 09:05:31 Error check text file
2024/05/27 09:05:31 EOF
2024/05/27 09:05:31 Error check text file
2024/05/27 09:05:31 EOF
2024/05/27 09:05:33 Error check text file
2024/05/27 09:05:33 EOF
2024/05/27 09:05:33 Error check text file
2024/05/27 09:05:33 EOF
2024/05/27 09:56:15 Error check text file
2024/05/27 09:56:15 EOF
2024/05/27 09:56:15 Error check text file
2024/05/27 09:56:15 EOF
2024/05/27 09:56:15 Error check text file
2024/05/27 09:56:15 EOF
2024/05/27 09:56:16 Error check text file
2024/05/27 09:56:16 EOF
2024/05/27 10:02:14 Error check text file
2024/05/27 10:02:14 EOF
2024/05/27 10:02:14 Error check text file
2024/05/27 10:02:14 EOF
2024/05/27 10:02:31 Error check text file
2024/05/27 10:02:31 EOF
2024/05/27 10:02:31 Error check text file
2024/05/27 10:02:31 EOF
2024/05/27 10:02:33 Error check text file
2024/05/27 10:02:33 EOF
2024/05/27 10:02:33 Error check text file
2024/05/27 10:02:33 EOF
2024/05/27 10:02:50 Error check text file
2024/05/27 10:02:50 EOF
2024/05/27 10:02:50 Error check text file
2024/05/27 10:02:50 EOF
2024/05/27 10:02:50 Error check text file
2024/05/27 10:02:50 EOF
2024/05/27 10:02:52 Error check text file
2024/05/27 10:02:52 EOF
2024/05/27 10:02:52 Error check text file
2024/05/27 10:02:52 EOF
2024/05/27 10:05:41 Error check text file
2024/05/27 10:05:41 EOF
2024/05/27 10:05:41 Error check text file
2024/05/27 10:05:41 EOF
2024/05/27 10:05:41 Error check text file
2024/05/27 10:05:41 EOF
2024/05/27 10:05:41 Error check text file
2024/05/27 10:05:41 EOF
2024/05/27 10:05:42 Error check text file
2024/05/27 10:05:42 EOF
2024/05/27 10:05:42 Error check text file
2024/05/27 10:05:42 EOF
2024/05/27 10:05:55 Error check text file
2024/05/27 10:05:55 EOF
2024/05/27 10:05:56 Error check text file
2024/05/27 10:05:56 EOF
2024/05/27 10:05:56 Error check text file
2024/05/27 10:05:56 EOF
2024/05/27 10:05:56 Error check text file
2024/05/27 10:05:56 EOF
2024/05/27 10:05:56 Error check text file
2024/05/27 10:05:56 EOF
2024/05/27 10:05:56 Error check text file
2024/05/27 10:05:56 EOF
2024/05/27 10:06:01 Error check text file
2024/05/27 10:06:01 EOF
2024/05/27 10:06:01 Error check text file
2024/05/27 10:06:01 EOF
2024/05/27 10:06:01 Error check text file
2024/05/27 10:06:01 EOF
2024/05/27 10:06:01 Error check text file
2024/05/27 10:06:01 EOF
2024/05/27 10:06:04 Error check text file
2024/05/27 10:06:04 EOF
2024/05/27 10:06:04 Error check text file
2024/05/27 10:06:04 EOF
2024/05/27 10:06:43 Error check text file
2024/05/27 10:06:43 EOF
2024/05/27 10:06:44 Error check text file
2024/05/27 10:06:44 EOF
2024/05/27 10:06:45 Error check text file
2024/05/27 10:06:45 EOF
2024/05/27 10:06:47 Error check text file
2024/05/27 10:06:47 EOF
2024/05/27 10:06:49 Error check text file
2024/05/27 10:06:49 EOF
2024/05/27 10:06:49 Error check text file
2024/05/27 10:06:49 EOF
2024/05/27 10:06:50 Pinned folder function unmarshal superfile data error
2024/05/27 10:06:50 unexpected end of JSON input
2024/05/27 10:06:50 Error check text file
2024/05/27 10:06:50 EOF
2024/05/27 10:06:51 Error check text file
2024/05/27 10:06:51 EOF
2024/05/27 10:06:52 Error check text file
2024/05/27 10:06:52 EOF
2024/05/27 10:06:52 Error check text file
2024/05/27 10:06:52 EOF
2024/05/27 10:06:53 Error check text file
2024/05/27 10:06:53 EOF
2024/05/27 10:06:54 Error check text file
2024/05/27 10:06:54 EOF
2024/05/27 10:06:56 Error check text file
2024/05/27 10:06:56 EOF
2024/05/27 10:06:56 Error check text file
2024/05/27 10:06:56 EOF
2024/05/27 10:06:56 Error check text file
2024/05/27 10:06:56 EOF
2024/05/27 10:06:57 Error check text file
2024/05/27 10:06:57 EOF
2024/05/27 10:06:58 Error check text file
2024/05/27 10:06:58 EOF
2024/05/27 10:07:02 Error check text file
2024/05/27 10:07:02 EOF
2024/05/27 10:07:02 Error check text file
2024/05/27 10:07:02 EOF
2024/05/27 10:07:04 Error check text file
2024/05/27 10:07:04 EOF
2024/05/27 10:07:04 Error check text file
2024/05/27 10:07:04 EOF
2024/05/27 10:07:04 Error check text file
2024/05/27 10:07:04 EOF
2024/05/27 10:07:04 Error check text file
2024/05/27 10:07:04 EOF
2024/05/27 10:07:06 Error check text file
2024/05/27 10:07:06 EOF
2024/05/27 10:07:08 Error check text file
2024/05/27 10:07:08 EOF
2024/05/27 10:07:08 Error check text file
2024/05/27 10:07:08 EOF
2024/05/27 10:07:09 Error check text file
2024/05/27 10:07:09 EOF
2024/05/27 10:07:10 Error check text file
2024/05/27 10:07:10 EOF
2024/05/27 10:07:31 Error check text file
2024/05/27 10:07:31 EOF
2024/05/27 10:07:39 Error check text file
2024/05/27 10:07:39 EOF
2024/05/27 10:07:39 Error check text file
2024/05/27 10:07:39 EOF
2024/05/27 10:07:39 Error check text file
2024/05/27 10:07:39 EOF
2024/05/27 10:07:39 Error check text file
2024/05/27 10:07:39 EOF
2024/05/27 10:07:40 Error check text file
2024/05/27 10:07:40 EOF
2024/05/27 10:07:42 Error check text file
2024/05/27 10:07:42 EOF
2024/05/27 10:07:43 Error check text file
2024/05/27 10:07:43 EOF
2024/05/27 11:08:40 Error check text file
2024/05/27 11:08:40 EOF
2024/05/27 11:08:42 Error check text file
2024/05/27 11:08:42 EOF
2024/05/27 11:08:42 Error check text file
2024/05/27 11:08:42 EOF
2024/05/27 11:08:46 Error check text file
2024/05/27 11:08:46 EOF
2024/05/27 11:08:47 Error check text file
2024/05/27 11:08:47 EOF
2024/05/27 11:08:47 Error check text file
2024/05/27 11:08:47 EOF
2024/05/27 11:08:48 Error check text file
2024/05/27 11:08:48 EOF
2024/05/27 11:08:48 Error check text file
2024/05/27 11:08:48 EOF
2024/05/27 11:08:48 Error check text file
2024/05/27 11:08:48 EOF
2024/05/27 11:09:50 Error check text file
2024/05/27 11:09:50 EOF
2024/05/27 11:09:50 Error check text file
2024/05/27 11:09:50 EOF
2024/05/27 11:12:21 Error check text file
2024/05/27 11:12:21 EOF
2024/05/27 11:12:21 Error check text file
2024/05/27 11:12:21 EOF
2024/05/27 11:12:22 Error check text file
2024/05/27 11:12:22 EOF
2024/05/27 11:12:23 Error check text file
2024/05/27 11:12:23 EOF
2024/05/27 11:12:23 Error check text file
2024/05/27 11:12:23 EOF
2024/05/27 11:12:23 Error check text file
2024/05/27 11:12:23 EOF
2024/05/27 11:12:24 Error check text file
2024/05/27 11:12:24 EOF
2024/05/27 11:12:24 Error check text file
2024/05/27 11:12:24 EOF
2024/05/27 11:14:14 Error check text file
2024/05/27 11:14:14 EOF
2024/05/27 11:14:14 Error check text file
2024/05/27 11:14:14 EOF
2024/05/27 11:51:09 error get file info
2024/05/27 11:51:09 stat /Users/albin/Programmering/apps: no such file or directory
2024/05/27 11:53:43 Error check text file
2024/05/27 11:53:43 EOF
2024/05/27 11:53:43 Error check text file
2024/05/27 11:53:43 EOF
2024/05/27 11:57:42 Error check text file
2024/05/27 11:57:42 EOF
2024/05/27 11:57:42 Error check text file
2024/05/27 11:57:42 EOF
2024/05/27 11:58:44 Error check text file
2024/05/27 11:58:44 EOF
2024/05/27 11:58:44 Error check text file
2024/05/27 11:58:44 EOF
2024/05/27 12:00:07 Error check text file
2024/05/27 12:00:07 EOF
2024/05/27 12:00:07 Error check text file
2024/05/27 12:00:07 EOF
2024/05/27 12:00:27 Error check text file
2024/05/27 12:00:27 EOF
2024/05/27 12:00:27 Error check text file
2024/05/27 12:00:27 EOF
2024/05/27 12:02:56 Error check text file
2024/05/27 12:02:56 EOF
2024/05/27 12:02:56 Error check text file
2024/05/27 12:02:56 EOF
2024/05/27 12:03:07 Error check text file
2024/05/27 12:03:07 EOF
2024/05/27 12:03:07 Error check text file
2024/05/27 12:03:07 EOF
2024/05/27 12:04:08 Error check text file
2024/05/27 12:04:08 EOF
2024/05/27 12:04:09 Error check text file
2024/05/27 12:04:09 EOF
2024/05/27 12:04:09 Error check text file
2024/05/27 12:04:09 EOF
2024/05/27 12:04:09 Error check text file
2024/05/27 12:04:09 EOF
2024/05/27 12:04:15 Error check text file
2024/05/27 12:04:15 EOF
2024/05/27 12:04:15 Error check text file
2024/05/27 12:04:15 EOF
2024/05/28 12:20:05 Error check text file
2024/05/28 12:20:05 EOF
2024/05/28 12:20:05 Error check text file
2024/05/28 12:20:05 EOF
2024/05/28 12:20:06 Error check text file
2024/05/28 12:20:06 EOF
2024/05/28 12:20:06 Error check text file
2024/05/28 12:20:06 EOF
2024/05/28 12:23:16 Error check text file
2024/05/28 12:23:16 EOF
2024/05/28 12:23:16 Error check text file
2024/05/28 12:23:16 EOF
2024/05/28 12:24:14 Error check text file
2024/05/28 12:24:14 EOF
2024/05/28 12:24:14 Error check text file
2024/05/28 12:24:14 EOF
2024/05/29 11:03:18 Error check text file
2024/05/29 11:03:18 open /Users/albin/.viminfo: permission denied
2024/05/29 11:03:18 Error check text file
2024/05/29 11:03:18 open /Users/albin/.viminfo: permission denied
2024/05/29 11:03:18 Error check text file
2024/05/29 11:03:18 open /Users/albin/.viminfo: permission denied
2024/05/29 11:03:18 Error check text file
2024/05/29 11:03:18 open /Users/albin/.viminfo: permission denied
2024/05/29 11:03:19 Error check text file
2024/05/29 11:03:19 open /Users/albin/.viminfo: permission denied
2024/05/29 11:03:20 Error check text file
2024/05/29 11:03:20 open /Users/albin/.viminfo: permission denied
2024/05/29 11:03:20 Error check text file
2024/05/29 11:03:20 open /Users/albin/.viminfo: permission denied
2024/05/29 11:03:21 Error check text file
2024/05/29 11:03:21 open /Users/albin/.viminfo: permission denied
2024/05/29 11:03:22 Error check text file
2024/05/29 11:03:22 open /Users/albin/.viminfo: permission denied
2024/05/29 11:03:22 Error check text file
2024/05/29 11:03:22 open /Users/albin/.viminfo: permission denied
2024/05/29 11:03:22 Error check text file
2024/05/29 11:03:22 open /Users/albin/.viminfo: permission denied
2024/05/29 11:03:23 Error check text file
2024/05/29 11:03:23 open /Users/albin/.viminfo: permission denied
2024/05/29 11:03:23 Error check text file
2024/05/29 11:03:23 open /Users/albin/.viminfo: permission denied
2024/05/29 11:04:00 Error check text file
2024/05/29 11:04:00 EOF
2024/05/29 11:04:01 Error check text file
2024/05/29 11:04:01 EOF
2024/05/29 11:04:01 Error check text file
2024/05/29 11:04:01 EOF
2024/05/29 11:04:07 Error check text file
2024/05/29 11:04:07 EOF
2024/05/29 11:04:07 Error check text file
2024/05/29 11:04:07 EOF
2024/05/29 11:05:20 error get file info
2024/05/29 11:05:20 stat /Users/albin/Downloads/_.env (2).local: no such file or directory
2024/05/29 11:05:59 Error check text file
2024/05/29 11:05:59 EOF
2024/05/29 14:58:09 error get file info
2024/05/29 14:58:09 stat /Users/albin/Documents/passwords.csv: no such file or directory
2024/05/29 21:34:52 err when open file with open
2024/05/29 21:34:52 exit status 1
2024/05/29 22:01:38 Error check text file
2024/05/29 22:01:38 open /Users/albin/.viminfo: permission denied
2024/05/29 22:01:38 Error check text file
2024/05/29 22:01:38 open /Users/albin/.viminfo: permission denied
2024/05/29 22:01:46 Clipboard render function get item state error
2024/05/29 22:01:46 stat /Users/albin/Programmering/careos-backend/tools/scripts/mgmtapi.mjs: no such file or directory
2024/05/29 22:01:46 Clipboard render function get item state error
2024/05/29 22:01:46 stat /Users/albin/Programmering/careos-backend/tools/scripts/mgmtapi.mjs: no such file or directory
2024/05/29 22:01:46 Clipboard render function get item state error
2024/05/29 22:01:46 stat /Users/albin/Programmering/careos-backend/tools/scripts/mgmtapi.mjs: no such file or directory
2024/05/29 22:01:54 Clipboard render function get item state error
2024/05/29 22:01:54 stat /Users/albin/Programmering/careos-backend/tools/scripts/mgmtapi.mjs: no such file or directory
2024/05/29 22:02:03 Clipboard render function get item state error
2024/05/29 22:02:03 stat /Users/albin/Programmering/careos-backend/tools/scripts/mgmtapi.mjs: no such file or directory
2024/05/29 22:02:03 Clipboard render function get item state error
2024/05/29 22:02:03 stat /Users/albin/Programmering/careos-backend/tools/scripts/mgmtapi.mjs: no such file or directory
2024/05/29 22:02:03 Clipboard render function get item state error
2024/05/29 22:02:03 stat /Users/albin/Programmering/careos-backend/tools/scripts/mgmtapi.mjs: no such file or directory
2024/05/29 22:02:04 Clipboard render function get item state error
2024/05/29 22:02:04 stat /Users/albin/Programmering/careos-backend/tools/scripts/mgmtapi.mjs: no such file or directory
2024/05/29 22:02:05 Clipboard render function get item state error
2024/05/29 22:02:05 stat /Users/albin/Programmering/careos-backend/tools/scripts/mgmtapi.mjs: no such file or directory
2024/05/29 22:02:05 Clipboard render function get item state error
2024/05/29 22:02:05 stat /Users/albin/Programmering/careos-backend/tools/scripts/mgmtapi.mjs: no such file or directory
2024/05/30 11:43:12 error get file info
2024/05/30 11:43:12 stat /Volumes/ESD-USB/setup.exe: no such file or directory
2024/05/30 11:43:15 error get file info
2024/05/30 11:43:15 stat /Volumes/ESD-USB/setup.exe: no such file or directory
2024/05/30 11:43:15 error get file info
2024/05/30 11:43:15 stat /Volumes/ESD-USB/setup.exe: no such file or directory
2024/06/01 13:14:56 Error check text file
2024/06/01 13:14:56 open /Users/albin/.viminfo: permission denied
2024/06/01 13:14:56 Error check text file
2024/06/01 13:14:56 open /Users/albin/.viminfo: permission denied
2024/06/01 16:01:02 Error extract file,
2024/06/01 16:01:02 os.OpenFile: open /Users/albin/Downloads/apache-druid-29/apache-druid-29.0.1/LICENSE: permission denied
2024/06/01 16:01:12 Error extract file,
2024/06/01 16:01:12 os.OpenFile: open /Users/albin/Downloads/apache-druid-29(1)/apache-druid-29.0.1/LICENSE: permission denied
2024/06/01 16:01:13 Error render directory preview
2024/06/01 16:01:13 open /Users/albin/Downloads/apache-druid-29(1)/apache-druid-29.0.1: permission denied
2024/06/01 16:01:18 Error render directory preview
2024/06/01 16:01:18 open /Users/albin/Downloads/apache-druid-29(1)/apache-druid-29.0.1: permission denied
2024/06/01 16:01:19 Error render directory preview
2024/06/01 16:01:19 open /Users/albin/Downloads/apache-druid-29(1)/apache-druid-29.0.1: permission denied
2024/06/01 16:07:46 Clipboard render function get item state error
2024/06/01 16:07:46 stat /Users/albin/Downloads/apache-druid-29.0.1: no such file or directory
2024/06/01 16:07:46 Clipboard render function get item state error
2024/06/01 16:07:46 stat /Users/albin/Downloads/apache-druid-29.0.1: no such file or directory
2024/06/01 16:07:46 Clipboard render function get item state error
2024/06/01 16:07:46 stat /Users/albin/Downloads/apache-druid-29.0.1: no such file or directory
2024/06/01 16:07:46 Clipboard render function get item state error
2024/06/01 16:07:46 stat /Users/albin/Downloads/apache-druid-29.0.1: no such file or directory
2024/06/01 16:07:47 Clipboard render function get item state error
2024/06/01 16:07:47 stat /Users/albin/Downloads/apache-druid-29.0.1: no such file or directory
2024/06/01 16:07:47 Clipboard render function get item state error
2024/06/01 16:07:47 stat /Users/albin/Downloads/apache-druid-29.0.1: no such file or directory
2024/06/01 16:07:47 Clipboard render function get item state error
2024/06/01 16:07:47 stat /Users/albin/Downloads/apache-druid-29.0.1: no such file or directory
2024/06/01 16:07:47 Clipboard render function get item state error
2024/06/01 16:07:47 stat /Users/albin/Downloads/apache-druid-29.0.1: no such file or directory
2024/06/01 16:07:47 Clipboard render function get item state error
2024/06/01 16:07:47 stat /Users/albin/Downloads/apache-druid-29.0.1: no such file or directory
2024/06/01 16:07:47 Clipboard render function get item state error
2024/06/01 16:07:47 stat /Users/albin/Downloads/apache-druid-29.0.1: no such file or directory
2024/06/01 16:07:47 Clipboard render function get item state error
2024/06/01 16:07:47 stat /Users/albin/Downloads/apache-druid-29.0.1: no such file or directory
2024/06/01 16:07:47 Clipboard render function get item state error
2024/06/01 16:07:47 stat /Users/albin/Downloads/apache-druid-29.0.1: no such file or directory
2024/06/01 16:07:47 Clipboard render function get item state error
2024/06/01 16:07:47 stat /Users/albin/Downloads/apache-druid-29.0.1: no such file or directory
2024/06/01 16:07:48 Clipboard render function get item state error
2024/06/01 16:07:48 stat /Users/albin/Downloads/apache-druid-29.0.1: no such file or directory
2024/06/01 16:07:48 Clipboard render function get item state error
2024/06/01 16:07:48 stat /Users/albin/Downloads/apache-druid-29.0.1: no such file or directory
2024/06/01 16:07:48 Clipboard render function get item state error
2024/06/01 16:07:48 stat /Users/albin/Downloads/apache-druid-29.0.1: no such file or directory
2024/06/01 16:07:48 Clipboard render function get item state error
2024/06/01 16:07:48 stat /Users/albin/Downloads/apache-druid-29.0.1: no such file or directory
2024/06/01 16:07:48 Clipboard render function get item state error
2024/06/01 16:07:48 stat /Users/albin/Downloads/apache-druid-29.0.1: no such file or directory
2024/06/01 16:07:48 Clipboard render function get item state error
2024/06/01 16:07:48 stat /Users/albin/Downloads/apache-druid-29.0.1: no such file or directory
2024/06/01 16:07:48 Clipboard render function get item state error
2024/06/01 16:07:48 stat /Users/albin/Downloads/apache-druid-29.0.1: no such file or directory
2024/06/01 16:07:49 Clipboard render function get item state error
2024/06/01 16:07:49 stat /Users/albin/Downloads/apache-druid-29.0.1: no such file or directory
2024/06/01 16:07:49 Clipboard render function get item state error
2024/06/01 16:07:49 stat /Users/albin/Downloads/apache-druid-29.0.1: no such file or directory
2024/06/01 16:07:49 Clipboard render function get item state error
2024/06/01 16:07:49 stat /Users/albin/Downloads/apache-druid-29.0.1: no such file or directory
2024/06/01 16:07:49 Clipboard render function get item state error
2024/06/01 16:07:49 stat /Users/albin/Downloads/apache-druid-29.0.1: no such file or directory
2024/06/01 16:07:49 Clipboard render function get item state error
2024/06/01 16:07:49 stat /Users/albin/Downloads/apache-druid-29.0.1: no such file or directory
2024/06/01 16:07:49 Clipboard render function get item state error
2024/06/01 16:07:49 stat /Users/albin/Downloads/apache-druid-29.0.1: no such file or directory
2024/06/01 16:07:50 Clipboard render function get item state error
2024/06/01 16:07:50 stat /Users/albin/Downloads/apache-druid-29.0.1: no such file or directory
2024/06/01 16:07:50 Clipboard render function get item state error
2024/06/01 16:07:50 stat /Users/albin/Downloads/apache-druid-29.0.1: no such file or directory
2024/06/01 16:07:50 Clipboard render function get item state error
2024/06/01 16:07:50 stat /Users/albin/Downloads/apache-druid-29.0.1: no such file or directory
2024/06/01 16:07:50 Clipboard render function get item state error
2024/06/01 16:07:50 stat /Users/albin/Downloads/apache-druid-29.0.1: no such file or directory
2024/06/01 16:07:51 Clipboard render function get item state error
2024/06/01 16:07:51 stat /Users/albin/Downloads/apache-druid-29.0.1: no such file or directory
2024/06/01 16:07:52 Clipboard render function get item state error
2024/06/01 16:07:52 stat /Users/albin/Downloads/apache-druid-29.0.1: no such file or directory
2024/06/01 16:07:52 Clipboard render function get item state error
2024/06/01 16:07:52 stat /Users/albin/Downloads/apache-druid-29.0.1: no such file or directory
2024/06/01 16:07:52 Clipboard render function get item state error
2024/06/01 16:07:52 stat /Users/albin/Downloads/apache-druid-29.0.1: no such file or directory
2024/06/01 16:07:52 Clipboard render function get item state error
2024/06/01 16:07:52 stat /Users/albin/Downloads/apache-druid-29.0.1: no such file or directory
2024/06/01 16:07:52 Clipboard render function get item state error
2024/06/01 16:07:52 stat /Users/albin/Downloads/apache-druid-29.0.1: no such file or directory
2024/06/01 16:07:52 Clipboard render function get item state error
2024/06/01 16:07:52 stat /Users/albin/Downloads/apache-druid-29.0.1: no such file or directory
2024/06/01 16:07:53 Clipboard render function get item state error
2024/06/01 16:07:53 stat /Users/albin/Downloads/apache-druid-29.0.1: no such file or directory
2024/06/01 16:07:53 Clipboard render function get item state error
2024/06/01 16:07:53 stat /Users/albin/Downloads/apache-druid-29.0.1: no such file or directory
2024/06/01 16:07:53 Clipboard render function get item state error
2024/06/01 16:07:53 stat /Users/albin/Downloads/apache-druid-29.0.1: no such file or directory
2024/06/01 16:07:53 Clipboard render function get item state error
2024/06/01 16:07:53 stat /Users/albin/Downloads/apache-druid-29.0.1: no such file or directory
2024/06/01 16:07:53 Clipboard render function get item state error
2024/06/01 16:07:53 stat /Users/albin/Downloads/apache-druid-29.0.1: no such file or directory
2024/06/01 16:07:53 Clipboard render function get item state error
2024/06/01 16:07:53 stat /Users/albin/Downloads/apache-druid-29.0.1: no such file or directory
2024/06/01 16:07:53 Clipboard render function get item state error
2024/06/01 16:07:53 stat /Users/albin/Downloads/apache-druid-29.0.1: no such file or directory
2024/06/01 16:07:53 Clipboard render function get item state error
2024/06/01 16:07:53 stat /Users/albin/Downloads/apache-druid-29.0.1: no such file or directory
2024/06/01 16:07:53 Clipboard render function get item state error
2024/06/01 16:07:53 stat /Users/albin/Downloads/apache-druid-29.0.1: no such file or directory
2024/06/01 16:07:54 Clipboard render function get item state error
2024/06/01 16:07:54 stat /Users/albin/Downloads/apache-druid-29.0.1: no such file or directory
2024/06/01 16:07:54 Clipboard render function get item state error
2024/06/01 16:07:54 stat /Users/albin/Downloads/apache-druid-29.0.1: no such file or directory
2024/06/01 16:07:54 Clipboard render function get item state error
2024/06/01 16:07:54 stat /Users/albin/Downloads/apache-druid-29.0.1: no such file or directory
2024/06/01 16:07:54 Clipboard render function get item state error
2024/06/01 16:07:54 stat /Users/albin/Downloads/apache-druid-29.0.1: no such file or directory
2024/06/01 16:07:54 Clipboard render function get item state error
2024/06/01 16:07:54 stat /Users/albin/Downloads/apache-druid-29.0.1: no such file or directory
2024/06/01 16:07:54 Clipboard render function get item state error
2024/06/01 16:07:54 stat /Users/albin/Downloads/apache-druid-29.0.1: no such file or directory
2024/06/01 16:07:54 Clipboard render function get item state error
2024/06/01 16:07:54 stat /Users/albin/Downloads/apache-druid-29.0.1: no such file or directory
2024/06/01 16:07:55 Clipboard render function get item state error
2024/06/01 16:07:55 stat /Users/albin/Downloads/apache-druid-29.0.1: no such file or directory
2024/06/01 16:07:55 Clipboard render function get item state error
2024/06/01 16:07:55 stat /Users/albin/Downloads/apache-druid-29.0.1: no such file or directory
2024/06/01 16:07:55 Clipboard render function get item state error
2024/06/01 16:07:55 stat /Users/albin/Downloads/apache-druid-29.0.1: no such file or directory
2024/06/01 16:07:55 Clipboard render function get item state error
2024/06/01 16:07:55 stat /Users/albin/Downloads/apache-druid-29.0.1: no such file or directory
2024/06/01 16:07:56 Clipboard render function get item state error
2024/06/01 16:07:56 stat /Users/albin/Downloads/apache-druid-29.0.1: no such file or directory
2024/06/01 16:07:56 Clipboard render function get item state error
2024/06/01 16:07:56 stat /Users/albin/Downloads/apache-druid-29.0.1: no such file or directory
2024/06/01 16:07:56 Clipboard render function get item state error
2024/06/01 16:07:56 stat /Users/albin/Downloads/apache-druid-29.0.1: no such file or directory
2024/06/01 16:07:56 Clipboard render function get item state error
2024/06/01 16:07:56 stat /Users/albin/Downloads/apache-druid-29.0.1: no such file or directory
2024/06/01 16:07:57 Clipboard render function get item state error
2024/06/01 16:07:57 stat /Users/albin/Downloads/apache-druid-29.0.1: no such file or directory
2024/06/01 16:07:57 Clipboard render function get item state error
2024/06/01 16:07:57 stat /Users/albin/Downloads/apache-druid-29.0.1: no such file or directory
2024/06/01 16:07:57 Clipboard render function get item state error
2024/06/01 16:07:57 stat /Users/albin/Downloads/apache-druid-29.0.1: no such file or directory
2024/06/01 16:07:58 Clipboard render function get item state error
2024/06/01 16:07:58 stat /Users/albin/Downloads/apache-druid-29.0.1: no such file or directory
2024/06/01 16:07:58 Clipboard render function get item state error
2024/06/01 16:07:58 stat /Users/albin/Downloads/apache-druid-29.0.1: no such file or directory
2024/06/01 16:07:58 Clipboard render function get item state error
2024/06/01 16:07:58 stat /Users/albin/Downloads/apache-druid-29.0.1: no such file or directory
2024/06/01 16:07:59 Clipboard render function get item state error
2024/06/01 16:07:59 stat /Users/albin/Downloads/apache-druid-29.0.1: no such file or directory
2024/06/01 16:07:59 Clipboard render function get item state error
2024/06/01 16:07:59 stat /Users/albin/Downloads/apache-druid-29.0.1: no such file or directory
2024/06/01 16:07:59 Clipboard render function get item state error
2024/06/01 16:07:59 stat /Users/albin/Downloads/apache-druid-29.0.1: no such file or directory
2024/06/01 16:08:02 Clipboard render function get item state error
2024/06/01 16:08:02 stat /Users/albin/Downloads/apache-druid-29.0.1: no such file or directory
2024/06/01 16:08:02 Clipboard render function get item state error
2024/06/01 16:08:02 stat /Users/albin/Downloads/apache-druid-29.0.1: no such file or directory
2024/06/01 16:21:09 Clipboard render function get item state error
2024/06/01 16:21:09 stat /Users/albin/Downloads/docker-compose.yml: no such file or directory
2024/06/01 16:21:09 Clipboard render function get item state error
2024/06/01 16:21:09 stat /Users/albin/Downloads/docker-compose.yml: no such file or directory
2024/06/01 16:21:09 Clipboard render function get item state error
2024/06/01 16:21:09 stat /Users/albin/Downloads/docker-compose.yml: no such file or directory
2024/06/01 16:21:09 Clipboard render function get item state error
2024/06/01 16:21:09 stat /Users/albin/Downloads/docker-compose.yml: no such file or directory
2024/06/01 16:21:10 Clipboard render function get item state error
2024/06/01 16:21:10 stat /Users/albin/Downloads/docker-compose.yml: no such file or directory
2024/06/01 16:21:10 Clipboard render function get item state error
2024/06/01 16:21:10 stat /Users/albin/Downloads/docker-compose.yml: no such file or directory
2024/06/01 16:21:10 Clipboard render function get item state error
2024/06/01 16:21:10 stat /Users/albin/Downloads/docker-compose.yml: no such file or directory
2024/06/01 16:21:10 Clipboard render function get item state error
2024/06/01 16:21:10 stat /Users/albin/Downloads/docker-compose.yml: no such file or directory
2024/06/01 16:21:11 Clipboard render function get item state error
2024/06/01 16:21:11 stat /Users/albin/Downloads/docker-compose.yml: no such file or directory
2024/06/01 16:21:11 Clipboard render function get item state error
2024/06/01 16:21:11 stat /Users/albin/Downloads/docker-compose.yml: no such file or directory
2024/06/07 13:23:21 Error check text file
2024/06/07 13:23:21 EOF
2024/06/07 13:23:21 Error check text file
2024/06/07 13:23:21 EOF
2024/06/07 13:23:22 err when open file with open
2024/06/07 13:23:22 exit status 1
2024/06/07 13:23:22 Error check text file
2024/06/07 13:23:22 EOF
2024/06/07 13:23:23 err when open file with open
2024/06/07 13:23:23 exit status 1
2024/06/07 13:23:23 Error check text file
2024/06/07 13:23:23 EOF
2024/06/07 13:23:24 Error check text file
2024/06/07 13:23:24 EOF
2024/06/08 20:01:03 error get file info
2024/06/08 20:01:03 stat /Users/albin/.config/kitty-neovim-tmux-ultimate-setup/.git: no such file or directory
2024/06/08 20:17:39 Error check text file
2024/06/08 20:17:39 EOF
2024/06/08 20:17:39 Error check text file
2024/06/08 20:17:39 EOF
2024/06/08 20:17:39 Error check text file
2024/06/08 20:17:39 EOF
2024/06/08 20:17:41 Error check text file
2024/06/08 20:17:41 EOF
2024/06/08 20:17:41 Error check text file
2024/06/08 20:17:41 EOF
2024/06/08 20:17:42 Error check text file
2024/06/08 20:17:42 EOF
2024/06/10 11:25:39 Error check text file
2024/06/10 11:25:39 EOF
2024/06/10 13:04:09 Error check text file
2024/06/10 13:04:09 EOF
2024/06/10 13:04:31 Error check text file
2024/06/10 13:04:31 EOF
2024/06/10 13:04:31 Error check text file
2024/06/10 13:04:31 EOF
2024/06/11 16:19:18 Error check text file
2024/06/11 16:19:18 EOF
2024/06/11 16:19:19 Error check text file
2024/06/11 16:19:19 EOF
2024/06/11 16:19:19 Error check text file
2024/06/11 16:19:19 EOF
2024/06/11 16:19:25 Error check text file
2024/06/11 16:19:25 EOF
2024/06/11 16:19:25 Error check text file
2024/06/11 16:19:25 EOF
2024/06/11 16:48:45 Error check text file
2024/06/11 16:48:45 EOF
2024/06/12 14:30:20 Error check text file
2024/06/12 14:30:20 EOF
2024/06/12 14:30:31 Error check text file
2024/06/12 14:30:31 EOF
2024/06/13 20:11:33 error get file info
2024/06/13 20:11:33 stat /Users/albin/Programmering/careos-backend/apps/careos-doa-ui/src/views/landing-view/.eslintrc.js: no such file or directory
2024/06/13 21:06:33 error get file info
2024/06/13 21:06:33 stat /Users/albin/.config/nvim/lua/plugins(1)/disabled-plugins.lua: no such file or directory
2024/06/13 21:07:22 Delete single item function move file to trash can error
2024/06/13 21:07:22 failed to move file: rename /Users/albin/.config/nvim/lua/plugins /Users/albin/.Trash/plugins: file exists
2024/06/13 21:07:28 Confirm function rename error
2024/06/13 21:07:28 rename /Users/albin/.config/nvim/lua/plugins(1) /Users/albin/.config/nvim/lua/plugins: file exists
2024/06/13 21:07:30 Delete single item function move file to trash can error
2024/06/13 21:07:30 failed to move file: rename /Users/albin/.config/nvim/lua/plugins /Users/albin/.Trash/plugins: file exists
2024/06/14 09:35:31 Clipboard render function get item state error
2024/06/14 09:35:31 stat /Users/albin/.config/nvim: no such file or directory
2024/06/14 09:35:31 Clipboard render function get item state error
2024/06/14 09:35:31 stat /Users/albin/.config/nvim: no such file or directory
2024/06/14 09:35:31 Clipboard render function get item state error
2024/06/14 09:35:31 stat /Users/albin/.config/nvim: no such file or directory
2024/06/14 09:35:32 Clipboard render function get item state error
2024/06/14 09:35:32 stat /Users/albin/.config/nvim: no such file or directory
2024/06/14 09:35:32 Clipboard render function get item state error
2024/06/14 09:35:32 stat /Users/albin/.config/nvim: no such file or directory
2024/06/14 09:35:34 Clipboard render function get item state error
2024/06/14 09:35:34 stat /Users/albin/.config/nvim: no such file or directory
2024/06/15 00:11:13 Error check text file
2024/06/15 00:11:13 open /Users/albin/.viminfo: permission denied
2024/06/15 00:11:13 Error check text file
2024/06/15 00:11:13 open /Users/albin/.viminfo: permission denied
2024/06/15 00:11:13 Error check text file
2024/06/15 00:11:13 open /Users/albin/.viminfo: permission denied
2024/06/15 00:11:14 Error check text file
2024/06/15 00:11:14 open /Users/albin/.viminfo: permission denied
2024/06/15 00:11:14 Error check text file
2024/06/15 00:11:14 open /Users/albin/.viminfo: permission denied
2024/06/15 00:11:14 Error check text file
2024/06/15 00:11:14 open /Users/albin/.viminfo: permission denied
2024/06/15 00:11:14 Error check text file
2024/06/15 00:11:14 open /Users/albin/.viminfo: permission denied
2024/06/15 00:11:14 Error check text file
2024/06/15 00:11:14 open /Users/albin/.viminfo: permission denied
2024/06/15 00:11:15 Error check text file
2024/06/15 00:11:15 open /Users/albin/.viminfo: permission denied
2024/06/15 00:11:15 Error check text file
2024/06/15 00:11:15 open /Users/albin/.viminfo: permission denied
2024/06/15 09:55:37 Clipboard render function get item state error
2024/06/15 09:55:37 stat /Users/albin/.config/nvim.bak/nvim: no such file or directory
2024/06/15 09:55:37 Clipboard render function get item state error
2024/06/15 09:55:37 stat /Users/albin/.config/nvim.bak/nvim: no such file or directory
2024/06/15 09:55:37 Clipboard render function get item state error
2024/06/15 09:55:37 stat /Users/albin/.config/nvim.bak/nvim: no such file or directory
2024/06/15 09:55:37 Clipboard render function get item state error
2024/06/15 09:55:37 stat /Users/albin/.config/nvim.bak/nvim: no such file or directory
2024/06/15 09:55:38 Clipboard render function get item state error
2024/06/15 09:55:38 stat /Users/albin/.config/nvim.bak/nvim: no such file or directory
2024/06/15 09:55:39 Clipboard render function get item state error
2024/06/15 09:55:39 stat /Users/albin/.config/nvim.bak/nvim: no such file or directory
2024/06/15 09:55:39 Clipboard render function get item state error
2024/06/15 09:55:39 stat /Users/albin/.config/nvim.bak/nvim: no such file or directory
2024/06/15 09:55:40 error get file info
2024/06/15 09:55:40 stat /Users/albin/.config/nvim.bak: no such file or directory
2024/06/15 09:55:40 Clipboard render function get item state error
2024/06/15 09:55:40 stat /Users/albin/.config/nvim.bak/nvim: no such file or directory
2024/06/15 09:55:40 Clipboard render function get item state error
2024/06/15 09:55:40 stat /Users/albin/.config/nvim.bak/nvim: no such file or directory
2024/06/15 09:55:40 Clipboard render function get item state error
2024/06/15 09:55:40 stat /Users/albin/.config/nvim.bak/nvim: no such file or directory
2024/06/15 09:55:40 Clipboard render function get item state error
2024/06/15 09:55:40 stat /Users/albin/.config/nvim.bak/nvim: no such file or directory
2024/06/15 09:55:40 Clipboard render function get item state error
2024/06/15 09:55:40 stat /Users/albin/.config/nvim.bak/nvim: no such file or directory
2024/06/15 09:55:41 Clipboard render function get item state error
2024/06/15 09:55:41 stat /Users/albin/.config/nvim.bak/nvim: no such file or directory
2024/06/15 09:55:41 Clipboard render function get item state error
2024/06/15 09:55:41 stat /Users/albin/.config/nvim.bak/nvim: no such file or directory
2024/06/15 09:55:41 Clipboard render function get item state error
2024/06/15 09:55:41 stat /Users/albin/.config/nvim.bak/nvim: no such file or directory
2024/06/15 20:41:27 error get file info
2024/06/15 20:41:27 stat /Users/albin/.config/sketchybar: no such file or directory
2024/06/17 10:18:34 Clipboard render function get item state error
2024/06/17 10:18:34 stat /Users/albin/Programmering/careos-backend/services/careos-toxi-doa/src/aggregates/order-aggregate/order-aggregate.service.ts: no such file or directory
2024/06/17 10:18:34 Clipboard render function get item state error
2024/06/17 10:18:34 stat /Users/albin/Programmering/careos-backend/services/careos-toxi-doa/src/aggregates/order-aggregate/sign-aggregate.service.ts: no such file or directory
2024/06/17 10:18:34 Clipboard render function get item state error
2024/06/17 10:18:34 stat /Users/albin/Programmering/careos-backend/services/careos-toxi-doa/src/aggregates/order-aggregate/order-aggregate.service.ts: no such file or directory
2024/06/17 10:18:34 Clipboard render function get item state error
2024/06/17 10:18:34 stat /Users/albin/Programmering/careos-backend/services/careos-toxi-doa/src/aggregates/order-aggregate/sign-aggregate.service.ts: no such file or directory
2024/06/17 10:18:34 Clipboard render function get item state error
2024/06/17 10:18:34 stat /Users/albin/Programmering/careos-backend/services/careos-toxi-doa/src/aggregates/order-aggregate/order-aggregate.service.ts: no such file or directory
2024/06/17 10:18:34 Clipboard render function get item state error
2024/06/17 10:18:34 stat /Users/albin/Programmering/careos-backend/services/careos-toxi-doa/src/aggregates/order-aggregate/sign-aggregate.service.ts: no such file or directory
2024/06/17 10:18:35 Clipboard render function get item state error
2024/06/17 10:18:35 stat /Users/albin/Programmering/careos-backend/services/careos-toxi-doa/src/aggregates/order-aggregate/order-aggregate.service.ts: no such file or directory
2024/06/17 10:18:35 Clipboard render function get item state error
2024/06/17 10:18:35 stat /Users/albin/Programmering/careos-backend/services/careos-toxi-doa/src/aggregates/order-aggregate/sign-aggregate.service.ts: no such file or directory
2024/06/17 10:18:35 Clipboard render function get item state error
2024/06/17 10:18:35 stat /Users/albin/Programmering/careos-backend/services/careos-toxi-doa/src/aggregates/order-aggregate/order-aggregate.service.ts: no such file or directory
2024/06/17 10:18:35 Clipboard render function get item state error
2024/06/17 10:18:35 stat /Users/albin/Programmering/careos-backend/services/careos-toxi-doa/src/aggregates/order-aggregate/sign-aggregate.service.ts: no such file or directory
2024/06/17 10:18:35 Clipboard render function get item state error
2024/06/17 10:18:35 stat /Users/albin/Programmering/careos-backend/services/careos-toxi-doa/src/aggregates/order-aggregate/order-aggregate.service.ts: no such file or directory
2024/06/17 10:18:35 Clipboard render function get item state error
2024/06/17 10:18:35 stat /Users/albin/Programmering/careos-backend/services/careos-toxi-doa/src/aggregates/order-aggregate/sign-aggregate.service.ts: no such file or directory
2024/06/17 10:18:35 Clipboard render function get item state error
2024/06/17 10:18:35 stat /Users/albin/Programmering/careos-backend/services/careos-toxi-doa/src/aggregates/order-aggregate/order-aggregate.service.ts: no such file or directory
2024/06/17 10:18:35 Clipboard render function get item state error
2024/06/17 10:18:35 stat /Users/albin/Programmering/careos-backend/services/careos-toxi-doa/src/aggregates/order-aggregate/sign-aggregate.service.ts: no such file or directory
2024/06/17 10:18:36 Clipboard render function get item state error
2024/06/17 10:18:36 stat /Users/albin/Programmering/careos-backend/services/careos-toxi-doa/src/aggregates/order-aggregate/order-aggregate.service.ts: no such file or directory
2024/06/17 10:18:36 Clipboard render function get item state error
2024/06/17 10:18:36 stat /Users/albin/Programmering/careos-backend/services/careos-toxi-doa/src/aggregates/order-aggregate/sign-aggregate.service.ts: no such file or directory
2024/06/17 10:18:36 Clipboard render function get item state error
2024/06/17 10:18:36 stat /Users/albin/Programmering/careos-backend/services/careos-toxi-doa/src/aggregates/order-aggregate/order-aggregate.service.ts: no such file or directory
2024/06/17 10:18:36 Clipboard render function get item state error
2024/06/17 10:18:36 stat /Users/albin/Programmering/careos-backend/services/careos-toxi-doa/src/aggregates/order-aggregate/sign-aggregate.service.ts: no such file or directory
2024/06/17 10:18:37 Clipboard render function get item state error
2024/06/17 10:18:37 stat /Users/albin/Programmering/careos-backend/services/careos-toxi-doa/src/aggregates/order-aggregate/order-aggregate.service.ts: no such file or directory
2024/06/17 10:18:37 Clipboard render function get item state error
2024/06/17 10:18:37 stat /Users/albin/Programmering/careos-backend/services/careos-toxi-doa/src/aggregates/order-aggregate/sign-aggregate.service.ts: no such file or directory
2024/06/17 10:18:37 Clipboard render function get item state error
2024/06/17 10:18:37 stat /Users/albin/Programmering/careos-backend/services/careos-toxi-doa/src/aggregates/order-aggregate/order-aggregate.service.ts: no such file or directory
2024/06/17 10:18:37 Clipboard render function get item state error
2024/06/17 10:18:37 stat /Users/albin/Programmering/careos-backend/services/careos-toxi-doa/src/aggregates/order-aggregate/sign-aggregate.service.ts: no such file or directory
2024/06/17 10:18:37 Clipboard render function get item state error
2024/06/17 10:18:37 stat /Users/albin/Programmering/careos-backend/services/careos-toxi-doa/src/aggregates/order-aggregate/order-aggregate.service.ts: no such file or directory
2024/06/17 10:18:37 Clipboard render function get item state error
2024/06/17 10:18:37 stat /Users/albin/Programmering/careos-backend/services/careos-toxi-doa/src/aggregates/order-aggregate/sign-aggregate.service.ts: no such file or directory
2024/06/17 10:18:37 Clipboard render function get item state error
2024/06/17 10:18:37 stat /Users/albin/Programmering/careos-backend/services/careos-toxi-doa/src/aggregates/order-aggregate/order-aggregate.service.ts: no such file or directory
2024/06/17 10:18:37 Clipboard render function get item state error
2024/06/17 10:18:37 stat /Users/albin/Programmering/careos-backend/services/careos-toxi-doa/src/aggregates/order-aggregate/sign-aggregate.service.ts: no such file or directory
2024/06/17 10:18:48 Clipboard render function get item state error
2024/06/17 10:18:48 stat /Users/albin/Programmering/careos-backend/services/careos-toxi-doa/src/aggregates/order-aggregate/order-aggregate.service.ts: no such file or directory
2024/06/17 10:18:48 Clipboard render function get item state error
2024/06/17 10:18:48 stat /Users/albin/Programmering/careos-backend/services/careos-toxi-doa/src/aggregates/order-aggregate/sign-aggregate.service.ts: no such file or directory
2024/06/17 10:18:48 Clipboard render function get item state error
2024/06/17 10:18:48 stat /Users/albin/Programmering/careos-backend/services/careos-toxi-doa/src/aggregates/order-aggregate/order-aggregate.service.ts: no such file or directory
2024/06/17 10:18:48 Clipboard render function get item state error
2024/06/17 10:18:48 stat /Users/albin/Programmering/careos-backend/services/careos-toxi-doa/src/aggregates/order-aggregate/sign-aggregate.service.ts: no such file or directory
2024/06/17 10:18:48 Clipboard render function get item state error
2024/06/17 10:18:48 stat /Users/albin/Programmering/careos-backend/services/careos-toxi-doa/src/aggregates/order-aggregate/order-aggregate.service.ts: no such file or directory
2024/06/17 10:18:48 Clipboard render function get item state error
2024/06/17 10:18:48 stat /Users/albin/Programmering/careos-backend/services/careos-toxi-doa/src/aggregates/order-aggregate/sign-aggregate.service.ts: no such file or directory
2024/06/17 10:18:48 Clipboard render function get item state error
2024/06/17 10:18:48 stat /Users/albin/Programmering/careos-backend/services/careos-toxi-doa/src/aggregates/order-aggregate/order-aggregate.service.ts: no such file or directory
2024/06/17 10:18:48 Clipboard render function get item state error
2024/06/17 10:18:48 stat /Users/albin/Programmering/careos-backend/services/careos-toxi-doa/src/aggregates/order-aggregate/sign-aggregate.service.ts: no such file or directory
2024/06/17 10:20:06 error get file info
2024/06/17 10:20:06 stat /Users/albin/Programmering/careos-backend/services/careos-toxi-doa/src/aggregates/order-aggregate: no such file or directory
2024/06/17 10:20:06 Clipboard render function get item state error
2024/06/17 10:20:06 stat /Users/albin/Programmering/careos-backend/services/careos-toxi-doa/src/aggregates/order-aggregate/types: no such file or directory
2024/06/17 10:20:06 Clipboard render function get item state error
2024/06/17 10:20:06 stat /Users/albin/Programmering/careos-backend/services/careos-toxi-doa/src/aggregates/order-aggregate/types: no such file or directory
2024/06/17 10:20:06 Clipboard render function get item state error
2024/06/17 10:20:06 stat /Users/albin/Programmering/careos-backend/services/careos-toxi-doa/src/aggregates/order-aggregate/types: no such file or directory
2024/06/17 10:20:07 Clipboard render function get item state error
2024/06/17 10:20:07 stat /Users/albin/Programmering/careos-backend/services/careos-toxi-doa/src/aggregates/order-aggregate/types: no such file or directory
2024/06/17 10:20:07 Clipboard render function get item state error
2024/06/17 10:20:07 stat /Users/albin/Programmering/careos-backend/services/careos-toxi-doa/src/aggregates/order-aggregate/types: no such file or directory
2024/06/17 10:20:07 Clipboard render function get item state error
2024/06/17 10:20:07 stat /Users/albin/Programmering/careos-backend/services/careos-toxi-doa/src/aggregates/order-aggregate/types: no such file or directory
2024/06/17 10:20:07 Clipboard render function get item state error
2024/06/17 10:20:07 stat /Users/albin/Programmering/careos-backend/services/careos-toxi-doa/src/aggregates/order-aggregate/types: no such file or directory
2024/06/17 10:20:07 Clipboard render function get item state error
2024/06/17 10:20:07 stat /Users/albin/Programmering/careos-backend/services/careos-toxi-doa/src/aggregates/order-aggregate/types: no such file or directory
2024/06/17 10:20:07 Clipboard render function get item state error
2024/06/17 10:20:07 stat /Users/albin/Programmering/careos-backend/services/careos-toxi-doa/src/aggregates/order-aggregate/types: no such file or directory
2024/06/17 10:20:07 Clipboard render function get item state error
2024/06/17 10:20:07 stat /Users/albin/Programmering/careos-backend/services/careos-toxi-doa/src/aggregates/order-aggregate/types: no such file or directory
2024/06/17 10:20:08 Clipboard render function get item state error
2024/06/17 10:20:08 stat /Users/albin/Programmering/careos-backend/services/careos-toxi-doa/src/aggregates/order-aggregate/types: no such file or directory
2024/06/17 10:20:08 Clipboard render function get item state error
2024/06/17 10:20:08 stat /Users/albin/Programmering/careos-backend/services/careos-toxi-doa/src/aggregates/order-aggregate/types: no such file or directory
2024/06/17 10:20:08 Clipboard render function get item state error
2024/06/17 10:20:08 stat /Users/albin/Programmering/careos-backend/services/careos-toxi-doa/src/aggregates/order-aggregate/types: no such file or directory
2024/06/17 10:20:08 Clipboard render function get item state error
2024/06/17 10:20:08 stat /Users/albin/Programmering/careos-backend/services/careos-toxi-doa/src/aggregates/order-aggregate/types: no such file or directory
2024/06/17 10:20:08 Clipboard render function get item state error
2024/06/17 10:20:08 stat /Users/albin/Programmering/careos-backend/services/careos-toxi-doa/src/aggregates/order-aggregate/types: no such file or directory
2024/06/17 10:20:09 Clipboard render function get item state error
2024/06/17 10:20:09 stat /Users/albin/Programmering/careos-backend/services/careos-toxi-doa/src/aggregates/order-aggregate/types: no such file or directory
2024/06/17 10:20:51 Clipboard render function get item state error
2024/06/17 10:20:51 stat /Users/albin/Programmering/careos-backend/services/careos-toxi-doa/src/aggregates/order-aggregate/types: no such file or directory
2024/06/17 10:20:51 Clipboard render function get item state error
2024/06/17 10:20:51 stat /Users/albin/Programmering/careos-backend/services/careos-toxi-doa/src/aggregates/order-aggregate/types: no such file or directory
2024/06/17 10:20:51 Clipboard render function get item state error
2024/06/17 10:20:51 stat /Users/albin/Programmering/careos-backend/services/careos-toxi-doa/src/aggregates/order-aggregate/types: no such file or directory
2024/06/17 10:20:52 Clipboard render function get item state error
2024/06/17 10:20:52 stat /Users/albin/Programmering/careos-backend/services/careos-toxi-doa/src/aggregates/order-aggregate/types: no such file or directory
2024/06/17 10:20:52 Clipboard render function get item state error
2024/06/17 10:20:52 stat /Users/albin/Programmering/careos-backend/services/careos-toxi-doa/src/aggregates/order-aggregate/types: no such file or directory
2024/06/17 10:25:22 Clipboard render function get item state error
2024/06/17 10:25:22 stat /Users/albin/Programmering/careos-backend/services/careos-toxi-doa/src/aggregates/requisition-aggregate/dto/test: no such file or directory
2024/06/17 10:25:22 Clipboard render function get item state error
2024/06/17 10:25:22 stat /Users/albin/Programmering/careos-backend/services/careos-toxi-doa/src/aggregates/requisition-aggregate/dto/test: no such file or directory
2024/06/17 10:25:22 Clipboard render function get item state error
2024/06/17 10:25:22 stat /Users/albin/Programmering/careos-backend/services/careos-toxi-doa/src/aggregates/requisition-aggregate/dto/test: no such file or directory
2024/06/17 10:25:22 Clipboard render function get item state error
2024/06/17 10:25:22 stat /Users/albin/Programmering/careos-backend/services/careos-toxi-doa/src/aggregates/requisition-aggregate/dto/test: no such file or directory
2024/06/17 10:25:22 Clipboard render function get item state error
2024/06/17 10:25:22 stat /Users/albin/Programmering/careos-backend/services/careos-toxi-doa/src/aggregates/requisition-aggregate/dto/test: no such file or directory
2024/06/17 10:25:23 Clipboard render function get item state error
2024/06/17 10:25:23 stat /Users/albin/Programmering/careos-backend/services/careos-toxi-doa/src/aggregates/requisition-aggregate/dto/test: no such file or directory
2024/06/17 10:25:23 Clipboard render function get item state error
2024/06/17 10:25:23 stat /Users/albin/Programmering/careos-backend/services/careos-toxi-doa/src/aggregates/requisition-aggregate/dto/test: no such file or directory
2024/06/17 10:25:24 Clipboard render function get item state error
2024/06/17 10:25:24 stat /Users/albin/Programmering/careos-backend/services/careos-toxi-doa/src/aggregates/requisition-aggregate/dto/test: no such file or directory
2024/06/17 10:25:24 Clipboard render function get item state error
2024/06/17 10:25:24 stat /Users/albin/Programmering/careos-backend/services/careos-toxi-doa/src/aggregates/requisition-aggregate/dto/test: no such file or directory
2024/06/17 10:25:24 Clipboard render function get item state error
2024/06/17 10:25:24 stat /Users/albin/Programmering/careos-backend/services/careos-toxi-doa/src/aggregates/requisition-aggregate/dto/test: no such file or directory
2024/06/17 10:25:24 Clipboard render function get item state error
2024/06/17 10:25:24 stat /Users/albin/Programmering/careos-backend/services/careos-toxi-doa/src/aggregates/requisition-aggregate/dto/test: no such file or directory
2024/06/17 10:25:25 Clipboard render function get item state error
2024/06/17 10:25:25 stat /Users/albin/Programmering/careos-backend/services/careos-toxi-doa/src/aggregates/requisition-aggregate/dto/test: no such file or directory
2024/06/17 10:25:25 Clipboard render function get item state error
2024/06/17 10:25:25 stat /Users/albin/Programmering/careos-backend/services/careos-toxi-doa/src/aggregates/requisition-aggregate/dto/test: no such file or directory
2024/06/17 10:25:25 Clipboard render function get item state error
2024/06/17 10:25:25 stat /Users/albin/Programmering/careos-backend/services/careos-toxi-doa/src/aggregates/requisition-aggregate/dto/test: no such file or directory
2024/06/17 10:25:26 Clipboard render function get item state error
2024/06/17 10:25:26 stat /Users/albin/Programmering/careos-backend/services/careos-toxi-doa/src/aggregates/requisition-aggregate/dto/test: no such file or directory
2024/06/17 10:25:26 Clipboard render function get item state error
2024/06/17 10:25:26 stat /Users/albin/Programmering/careos-backend/services/careos-toxi-doa/src/aggregates/requisition-aggregate/dto/test: no such file or directory
2024/06/17 10:25:26 Clipboard render function get item state error
2024/06/17 10:25:26 stat /Users/albin/Programmering/careos-backend/services/careos-toxi-doa/src/aggregates/requisition-aggregate/dto/test: no such file or directory
